生成启动时间为 2019/11/20 16:30:34。
     1>项目“C:\Users\7invensun\Documents\Visual Studio 2013\Projects\logCheck\check\check.vcxproj”在节点 2 上(Rebuild 个目标)。
     1>C:\Program Files (x86)\MSBuild\Microsoft.Cpp\v4.0\V120\Microsoft.CppBuild.targets(357,5): warning MSB8004: Output Directory does not end with a trailing slash.  This build instance will add the slash as it is required to allow proper evaluation of the Output Directory.
     1>C:\Program Files (x86)\MSBuild\Microsoft.Cpp\v4.0\V120\Microsoft.CppBuild.targets(381,5): warning MSB8028: The intermediate directory (Debug\) contains files shared from another project (check.vcxproj, logCheck.vcxproj).  This can lead to incorrect clean and rebuild behavior.
     1>ClCompile:
         C:\Program Files (x86)\Microsoft Visual Studio 12.0\VC\bin\CL.exe /c /ZI /nologo /W3 /WX- /sdl /Od /Oy- /D WIN32 /D _DEBUG /D _CONSOLE /D _LIB /D BUILD_DLL /D _WINDLL /D _UNICODE /D UNICODE /Gm /EHsc /RTC1 /MDd /GS /fp:precise /Zc:wchar_t /Zc:forScope /Fo"Debug\\" /Fd"Debug\vc120.pdb" /Gd /TP /analyze- /errorReport:prompt logInfoCheck.cpp main1.cpp
         main1.cpp
     1>c:\users\7invensun\documents\visual studio 2013\projects\logcheck\check\filereader.h(46): warning C4251: “FileReader::m_strFileName”: class“std::basic_string<char,std::char_traits<char>,std::allocator<char>>”需要有 dll 接口由 class“FileReader”的客户端使用
     1>c:\users\7invensun\documents\visual studio 2013\projects\logcheck\check\filereader.h(47): warning C4251: “FileReader::m_strconfigFileName”: class“std::basic_string<char,std::char_traits<char>,std::allocator<char>>”需要有 dll 接口由 class“FileReader”的客户端使用
     1>c:\users\7invensun\documents\visual studio 2013\projects\logcheck\check\filereader.h(49): warning C4251: “FileReader::m_mapConfig”: class“std::unordered_map<std::string,std::vector<std::string,std::allocator<_Ty>>,std::hash<_Kty>,std::equal_to<_Ty>,std::allocator<std::pair<const _Kty,std::vector<_Ty,std::allocator<_Ty>>>>>”需要有 dll 接口由 class“FileReader”的客户端使用
                 with
                 [
                     _Ty=std::string
         ,            _Kty=std::string
                 ]
     1>c:\users\7invensun\documents\visual studio 2013\projects\logcheck\check\filereader.h(50): warning C4251: “FileReader::m_vFileByLineToArry”: class“std::vector<std::string,std::allocator<_Ty>>”需要有 dll 接口由 class“FileReader”的客户端使用
                 with
                 [
                     _Ty=std::string
                 ]
     1>c:\users\7invensun\documents\visual studio 2013\projects\logcheck\check\filereader.h(51): warning C4251: “FileReader::m_vLogTime”: class“std::vector<std::string,std::allocator<_Ty>>”需要有 dll 接口由 class“FileReader”的客户端使用
                 with
                 [
                     _Ty=std::string
                 ]
     1>c:\users\7invensun\documents\visual studio 2013\projects\logcheck\check\filereader.h(71): warning C4251: “TextQuery::m_lines”: class“std::vector<std::string,std::allocator<_Ty>>”需要有 dll 接口由 class“TextQuery”的客户端使用
                 with
                 [
                     _Ty=std::string
                 ]
     1>c:\users\7invensun\documents\visual studio 2013\projects\logcheck\check\filereader.h(72): warning C4251: “TextQuery::m_wordInLine”: class“std::map<std::string,std::set<int,std::less<_Kty>,std::allocator<_Ty>>,std::less<std::basic_string<char,std::char_traits<char>,std::allocator<char>>>,std::allocator<std::pair<const std::basic_string<char,std::char_traits<char>,std::allocator<char>>,std::set<_Kty,std::less<_Ty>,std::allocator<_Ty>>>>>”需要有 dll 接口由 class“TextQuery”的客户端使用
                 with
                 [
                     _Kty=int
         ,            _Ty=int
                 ]
     1>c:\users\7invensun\documents\visual studio 2013\projects\logcheck\check\filereader.h(83): warning C4251: “InformationSearch::m_configName”: class“std::basic_string<char,std::char_traits<char>,std::allocator<char>>”需要有 dll 接口由 class“InformationSearch”的客户端使用
         logInfoCheck.cpp
     1>c:\users\7invensun\documents\visual studio 2013\projects\logcheck\check\filereader.h(46): warning C4251: “FileReader::m_strFileName”: class“std::basic_string<char,std::char_traits<char>,std::allocator<char>>”需要有 dll 接口由 class“FileReader”的客户端使用
     1>c:\users\7invensun\documents\visual studio 2013\projects\logcheck\check\filereader.h(47): warning C4251: “FileReader::m_strconfigFileName”: class“std::basic_string<char,std::char_traits<char>,std::allocator<char>>”需要有 dll 接口由 class“FileReader”的客户端使用
     1>c:\users\7invensun\documents\visual studio 2013\projects\logcheck\check\filereader.h(49): warning C4251: “FileReader::m_mapConfig”: class“std::unordered_map<std::string,std::vector<std::string,std::allocator<_Ty>>,std::hash<_Kty>,std::equal_to<_Ty>,std::allocator<std::pair<const _Kty,std::vector<_Ty,std::allocator<_Ty>>>>>”需要有 dll 接口由 class“FileReader”的客户端使用
                 with
                 [
                     _Ty=std::string
         ,            _Kty=std::string
                 ]
     1>c:\users\7invensun\documents\visual studio 2013\projects\logcheck\check\filereader.h(50): warning C4251: “FileReader::m_vFileByLineToArry”: class“std::vector<std::string,std::allocator<_Ty>>”需要有 dll 接口由 class“FileReader”的客户端使用
                 with
                 [
                     _Ty=std::string
                 ]
     1>c:\users\7invensun\documents\visual studio 2013\projects\logcheck\check\filereader.h(51): warning C4251: “FileReader::m_vLogTime”: class“std::vector<std::string,std::allocator<_Ty>>”需要有 dll 接口由 class“FileReader”的客户端使用
                 with
                 [
                     _Ty=std::string
                 ]
     1>c:\users\7invensun\documents\visual studio 2013\projects\logcheck\check\filereader.h(71): warning C4251: “TextQuery::m_lines”: class“std::vector<std::string,std::allocator<_Ty>>”需要有 dll 接口由 class“TextQuery”的客户端使用
                 with
                 [
                     _Ty=std::string
                 ]
     1>c:\users\7invensun\documents\visual studio 2013\projects\logcheck\check\filereader.h(72): warning C4251: “TextQuery::m_wordInLine”: class“std::map<std::string,std::set<int,std::less<_Kty>,std::allocator<_Ty>>,std::less<std::basic_string<char,std::char_traits<char>,std::allocator<char>>>,std::allocator<std::pair<const std::basic_string<char,std::char_traits<char>,std::allocator<char>>,std::set<_Kty,std::less<_Ty>,std::allocator<_Ty>>>>>”需要有 dll 接口由 class“TextQuery”的客户端使用
                 with
                 [
                     _Kty=int
         ,            _Ty=int
                 ]
     1>c:\users\7invensun\documents\visual studio 2013\projects\logcheck\check\filereader.h(83): warning C4251: “InformationSearch::m_configName”: class“std::basic_string<char,std::char_traits<char>,std::allocator<char>>”需要有 dll 接口由 class“InformationSearch”的客户端使用
     1>c:\users\7invensun\documents\visual studio 2013\projects\logcheck\check\loginfocheck.cpp(54): warning C4018: “<”: 有符号/无符号不匹配
     1>c:\users\7invensun\documents\visual studio 2013\projects\logcheck\check\loginfocheck.cpp(93): warning C4018: “<”: 有符号/无符号不匹配
     1>c:\users\7invensun\documents\visual studio 2013\projects\logcheck\check\loginfocheck.cpp(123): warning C4018: “<”: 有符号/无符号不匹配
     1>c:\users\7invensun\documents\visual studio 2013\projects\logcheck\check\loginfocheck.cpp(222): warning C4018: “<”: 有符号/无符号不匹配
     1>c:\users\7invensun\documents\visual studio 2013\projects\logcheck\check\loginfocheck.cpp(375): warning C4018: “<”: 有符号/无符号不匹配
     1>c:\users\7invensun\documents\visual studio 2013\projects\logcheck\check\loginfocheck.cpp(380): warning C4018: “<”: 有符号/无符号不匹配
     1>c:\users\7invensun\documents\visual studio 2013\projects\logcheck\check\loginfocheck.cpp(390): warning C4018: “<”: 有符号/无符号不匹配
     1>c:\users\7invensun\documents\visual studio 2013\projects\logcheck\check\loginfocheck.cpp(403): warning C4018: “<”: 有符号/无符号不匹配
     1>c:\users\7invensun\documents\visual studio 2013\projects\logcheck\check\loginfocheck.cpp(429): warning C4018: “<”: 有符号/无符号不匹配
     1>c:\users\7invensun\documents\visual studio 2013\projects\logcheck\check\loginfocheck.cpp(452): warning C4018: “<”: 有符号/无符号不匹配
     1>c:\users\7invensun\documents\visual studio 2013\projects\logcheck\check\loginfocheck.cpp(456): warning C4018: “<”: 有符号/无符号不匹配
     1>c:\users\7invensun\documents\visual studio 2013\projects\logcheck\check\loginfocheck.cpp(478): warning C4018: “<”: 有符号/无符号不匹配
     1>c:\users\7invensun\documents\visual studio 2013\projects\logcheck\check\loginfocheck.cpp(491): warning C4018: “<”: 有符号/无符号不匹配
     1>c:\users\7invensun\documents\visual studio 2013\projects\logcheck\check\loginfocheck.cpp(519): warning C4018: “<”: 有符号/无符号不匹配
     1>c:\users\7invensun\documents\visual studio 2013\projects\logcheck\check\loginfocheck.cpp(532): warning C4018: “<”: 有符号/无符号不匹配
     1>c:\users\7invensun\documents\visual studio 2013\projects\logcheck\check\loginfocheck.cpp(558): warning C4018: “<”: 有符号/无符号不匹配
     1>c:\users\7invensun\documents\visual studio 2013\projects\logcheck\check\loginfocheck.cpp(706): warning C4018: “<”: 有符号/无符号不匹配
     1>c:\users\7invensun\documents\visual studio 2013\projects\logcheck\check\loginfocheck.cpp(738): warning C4018: “<”: 有符号/无符号不匹配
     1>c:\users\7invensun\documents\visual studio 2013\projects\logcheck\check\loginfocheck.cpp(740): warning C4018: “<”: 有符号/无符号不匹配
     1>c:\users\7invensun\documents\visual studio 2013\projects\logcheck\check\loginfocheck.cpp(807): warning C4018: “<”: 有符号/无符号不匹配
     1>c:\users\7invensun\documents\visual studio 2013\projects\logcheck\check\loginfocheck.cpp(821): warning C4018: “<”: 有符号/无符号不匹配
         正在生成代码...
       ResourceCompile:
         C:\Program Files (x86)\Windows Kits\8.1\bin\x86\rc.exe /D _UNICODE /D UNICODE /l"0x0409" /nologo /fo"Debug\logCheck.res" logCheck.rc 
       Link:
         C:\Program Files (x86)\Microsoft Visual Studio 12.0\VC\bin\link.exe /ERRORREPORT:PROMPT /OUT:"C:\Users\7invensun\Documents\Visual Studio 2013\Projects\logCheck\LogSystemUI\bin\Debug\logCheckDll.dll" /INCREMENTAL /NOLOGO kernel32.lib user32.lib gdi32.lib winspool.lib comdlg32.lib advapi32.lib shell32.lib ole32.lib oleaut32.lib uuid.lib odbc32.lib odbccp32.lib /ASSEMBLYRESOURCE:Debug\check.Form1.resources /ASSEMBLYRESOURCE:Debug\check.Resources.resources /MANIFEST /MANIFESTUAC:"level='asInvoker' uiAccess='false'" /manifest:embed /DEBUG /PDB:"C:\Users\7invensun\Documents\Visual Studio 2013\Projects\logCheck\LogSystemUI\bin\Debug\logCheckDll.pdb" /SUBSYSTEM:CONSOLE /TLBID:1 /DYNAMICBASE /NXCOMPAT /IMPLIB:"C:\Users\7invensun\Documents\Visual Studio 2013\Projects\logCheck\LogSystemUI\bin\Debug\logCheckDll.lib" /MACHINE:X86 /DLL Debug\logCheck.res
         Debug\logInfoCheck.obj
         Debug\main1.obj
            正在创建库 C:\Users\7invensun\Documents\Visual Studio 2013\Projects\logCheck\LogSystemUI\bin\Debug\logCheckDll.lib 和对象 C:\Users\7invensun\Documents\Visual Studio 2013\Projects\logCheck\LogSystemUI\bin\Debug\logCheckDll.exp
     1>main1.obj : warning LNK4217: 本地定义的符号 _InitPro 在函数 _main 中导入
     1>main1.obj : warning LNK4217: 本地定义的符号 _getAllInfo 在函数 _main 中导入
         check.vcxproj -> C:\Users\7invensun\Documents\Visual Studio 2013\Projects\logCheck\LogSystemUI\bin\Debug\logCheckDll.dll
     1>已完成生成项目“C:\Users\7invensun\Documents\Visual Studio 2013\Projects\logCheck\check\check.vcxproj”(Rebuild 个目标)的操作。

生成成功。

已用时间 00:00:02.98
