c:\users\7invensun\documents\visual studio 2013\projects\logcheck\check\debug\vc120.pdb
c:\users\7invensun\documents\visual studio 2013\projects\logcheck\check\debug\vc120.idb
c:\users\7invensun\documents\visual studio 2013\projects\logcheck\check\debug\loginfocheck.obj
c:\users\7invensun\documents\visual studio 2013\projects\logcheck\check\debug\main1.obj
c:\users\7invensun\documents\visual studio 2013\projects\logcheck\logsystemui\bin\debug\logcheckdll.ilk
c:\users\7invensun\documents\visual studio 2013\projects\logcheck\logsystemui\bin\debug\logcheckdll.dll
c:\users\7invensun\documents\visual studio 2013\projects\logcheck\logsystemui\bin\debug\logcheckdll.pdb
c:\users\7invensun\documents\visual studio 2013\projects\logcheck\check\debug\check.form1.resources
c:\users\7invensun\documents\visual studio 2013\projects\logcheck\check\debug\check.resources.resources
c:\users\7invensun\documents\visual studio 2013\projects\logcheck\logsystemui\bin\debug\logcheckdll.lib
c:\users\7invensun\documents\visual studio 2013\projects\logcheck\logsystemui\bin\debug\logcheckdll.exp
c:\users\7invensun\documents\visual studio 2013\projects\logcheck\check\debug\logcheck.res
c:\users\7invensun\documents\visual studio 2013\projects\logcheck\check\debug\check.vcxproj.generateresource.cache
c:\users\7invensun\documents\visual studio 2013\projects\logcheck\check\debug\logcheckdll.tlog\cl.command.1.tlog
c:\users\7invensun\documents\visual studio 2013\projects\logcheck\check\debug\logcheckdll.tlog\cl.read.1.tlog
c:\users\7invensun\documents\visual studio 2013\projects\logcheck\check\debug\logcheckdll.tlog\cl.write.1.tlog
c:\users\7invensun\documents\visual studio 2013\projects\logcheck\check\debug\logcheckdll.tlog\link.command.1.tlog
c:\users\7invensun\documents\visual studio 2013\projects\logcheck\check\debug\logcheckdll.tlog\link.read.1.tlog
c:\users\7invensun\documents\visual studio 2013\projects\logcheck\check\debug\logcheckdll.tlog\link.write.1.tlog
c:\users\7invensun\documents\visual studio 2013\projects\logcheck\check\debug\logcheckdll.tlog\logcheckdll.write.1u.tlog
c:\users\7invensun\documents\visual studio 2013\projects\logcheck\check\debug\logcheckdll.tlog\rc.command.1.tlog
c:\users\7invensun\documents\visual studio 2013\projects\logcheck\check\debug\logcheckdll.tlog\rc.read.1.tlog
c:\users\7invensun\documents\visual studio 2013\projects\logcheck\check\debug\logcheckdll.tlog\rc.write.1.tlog
