c:\users\7invensun\documents\visual studio 2013\projects\logcheck\check\debug\vc120.pdb
c:\users\7invensun\documents\visual studio 2013\projects\logcheck\check\debug\vc120.idb
c:\users\7invensun\documents\visual studio 2013\projects\logcheck\check\debug\loginfocheck.obj
c:\users\7invensun\documents\visual studio 2013\projects\logcheck\check\debug\main.obj
c:\users\7invensun\documents\visual studio 2013\projects\logcheck\debug\logcheck.ilk
c:\users\7invensun\documents\visual studio 2013\projects\logcheck\debug\logcheck.dll
c:\users\7invensun\documents\visual studio 2013\projects\logcheck\debug\logcheck.pdb
c:\users\7invensun\documents\visual studio 2013\projects\logcheck\debug\logcheck.lib
c:\users\7invensun\documents\visual studio 2013\projects\logcheck\debug\logcheck.exp
c:\users\7invensun\documents\visual studio 2013\projects\logcheck\check\debug\logcheck.res
c:\users\7invensun\documents\visual studio 2013\projects\logcheck\check\debug\logcheck.tlog\cl.command.1.tlog
c:\users\7invensun\documents\visual studio 2013\projects\logcheck\check\debug\logcheck.tlog\cl.read.1.tlog
c:\users\7invensun\documents\visual studio 2013\projects\logcheck\check\debug\logcheck.tlog\cl.write.1.tlog
c:\users\7invensun\documents\visual studio 2013\projects\logcheck\check\debug\logcheck.tlog\link.command.1.tlog
c:\users\7invensun\documents\visual studio 2013\projects\logcheck\check\debug\logcheck.tlog\link.read.1.tlog
c:\users\7invensun\documents\visual studio 2013\projects\logcheck\check\debug\logcheck.tlog\link.write.1.tlog
c:\users\7invensun\documents\visual studio 2013\projects\logcheck\check\debug\logcheck.tlog\logcheck.write.1u.tlog
c:\users\7invensun\documents\visual studio 2013\projects\logcheck\check\debug\logcheck.tlog\rc.command.1.tlog
c:\users\7invensun\documents\visual studio 2013\projects\logcheck\check\debug\logcheck.tlog\rc.read.1.tlog
c:\users\7invensun\documents\visual studio 2013\projects\logcheck\check\debug\logcheck.tlog\rc.write.1.tlog
